<?xml version="1.0" encoding="UTF-8"?>
<testsuite xmlns:xsi="http://www.w3.org/2001/XMLSchema-instance" xsi:noNamespaceSchemaLocation="https://maven.apache.org/surefire/maven-surefire-plugin/xsd/surefire-test-report.xsd" name="com.desafioqa.testrunners.ShoppingCartTest" time="120.669" tests="7" errors="0" skipped="0" failures="0">
  <properties>
[...]
</properties>
  <testcase name="Consumer can add an item to shopping cart" classname="Shopping Cart" time="18.384"/>
  <testcase name="Consumer can add multiple itens to shopping cart" classname="Shopping Cart" time="22.193"/>
  <testcase name="Consumer can add the same item only once to shopping cart" classname="Shopping Cart" time="21.807"/>
  <testcase name="Consumer can empty the shopping cart" classname="Shopping Cart" time="15.28"/>
  <testcase name="Consumer can remove an item from the shopping cart" classname="Shopping Cart" time="21.324"/>
  <testcase name="Consumer can see unavailable items" classname="Shopping Cart" time="12.117"/>
  <testcase name="Consumer can&apos;t see non existing items" classname="Shopping Cart" time="9.1"/>
</testsuite>